<?xml version="1.0" encoding="UTF-8"?>
<testsuite xmlns:xsi="http://www.w3.org/2001/XMLSchema-instance" xsi:noNamespaceSchemaLocation="https://maven.apache.org/surefire/maven-surefire-plugin/xsd/surefire-test-report.xsd" name="transformer.TransformTest" time="0.788" tests="13" errors="0" skipped="0" failures="0">
  <properties>
[...]
</properties>
  <testcase name="wuenscheTest" classname="transformer.TransformTest" time="0.082"/>
  <testcase name="transformTest" classname="transformer.TransformTest" time="0"/>
  <testcase name="ViaInvestTest" classname="transformer.TransformTest" time="0.06"/>
  <testcase name="PeerBerryTest" classname="transformer.TransformTest" time="0.213"/>
  <testcase name="MintosTest" classname="transformer.TransformTest" time="0.09"/>
  <testcase name="edekaNewTest" classname="transformer.TransformTest" time="0.043"/>
  <testcase name="edekaNewNetoTest" classname="transformer.TransformTest" time="0.024"/>
  <testcase name="RobocashTest" classname="transformer.TransformTest" time="0.049"/>
  <testcase name="kauflandTest" classname="transformer.TransformTest" time="0.089"/>
  <testcase name="TwinoTest" classname="transformer.TransformTest" time="0.05"/>
  <testcase name="edekaNewTest2" classname="transformer.TransformTest" time="0.029"/>
  <testcase name="edekaNewTest3" classname="transformer.TransformTest" time="0.026"/>
  <testcase name="edekaNewTest4" classname="transformer.TransformTest" time="0.031"/>
</testsuite>