<?xml version="1.0" encoding="UTF-8"?>

<testsuite xmlns:xsi="http://www.w3.org/2001/XMLSchema-instance" xsi:noNamespaceSchemaLocation="https://maven.apache.org/surefire/maven-surefire-plugin/xsd/surefire-test-report.xsd" name="transformer.TransformTest" time="0.3" tests="12" errors="0" skipped="0" failures="0">

  <properties>
[...]
</properties>

  <testcase name="wuenscheTest" classname="transformer.TransformTest" time="0.037"/>
  <testcase name="transformTest" classname="transformer.TransformTest" time="0"/>
  <testcase name="ViaInvestTest" classname="transformer.TransformTest" time="0.014"/>
  <testcase name="PeerBerryTest" classname="transformer.TransformTest" time="0.123"/>
  <testcase name="MintosTest" classname="transformer.TransformTest" time="0.052"/>
  <testcase name="edekaNewTest" classname="transformer.TransformTest" time="0.011"/>
  <testcase name="edekaNewNetoTest" classname="transformer.TransformTest" time="0.007"/>
  <testcase name="RobocashTest" classname="transformer.TransformTest" time="0.022"/>
  <testcase name="kauflandTest" classname="transformer.TransformTest" time="0.007"/>
  <testcase name="TwinoTest" classname="transformer.TransformTest" time="0.011"/>
  <testcase name="edekaNewTest2" classname="transformer.TransformTest" time="0.006"/>
  <testcase name="edekaNewTest3" classname="transformer.TransformTest" time="0.006"/>

</testsuite>